2020-10-12 01:24:39.257 [SpringContextShutdownHook] INFO  o.s.scheduling.concurrent.ThreadPoolTaskExecutor - Shutting down ExecutorService 'applicationTaskExecutor'
2020-10-12 01:24:39.266 [SpringContextShutdownHook] INFO  com.zaxxer.hikari.HikariDataSource - HikariPool-1 - Shutdown initiated...
2020-10-12 01:24:39.276 [SpringContextShutdownHook] INFO  com.zaxxer.hikari.HikariDataSource - HikariPool-1 - Shutdown completed.
2020-10-12 01:24:44.149 [main] INFO  com.online_education.service_edu.EduApplication - Starting EduApplication on dazhideMBP with PID 6453 (/Users/dazhi/Downloads/online_education/service/service_edu/target/classes started by dazhi in /Users/dazhi/Downloads/online_education)
2020-10-12 01:24:44.152 [main] INFO  com.online_education.service_edu.EduApplication - The following profiles are active: dev
2020-10-12 01:24:44.824 [main] INFO  o.s.d.r.config.RepositoryConfigurationDelegate - Multiple Spring Data modules found, entering strict repository configuration mode!
2020-10-12 01:24:44.826 [main] INFO  o.s.d.r.config.RepositoryConfigurationDelegate - Bootstrapping Spring Data repositories in DEFAULT mode.
2020-10-12 01:24:44.846 [main] INFO  o.s.d.r.config.RepositoryConfigurationDelegate - Finished Spring Data repository scanning in 8ms. Found 0 repository interfaces.
2020-10-12 01:24:45.077 [main] INFO  o.s.c.s.PostProcessorRegistrationDelegate$BeanPostProcessorChecker - Bean 'org.springframework.transaction.annotation.ProxyTransactionManagementConfiguration' of type [org.springframework.transaction.annotation.ProxyTransactionManagementConfiguration] is not eligible for getting processed by all BeanPostProcessors (for example: not eligible for auto-proxying)
2020-10-12 01:24:45.254 [main] INFO  o.s.boot.web.embedded.tomcat.TomcatWebServer - Tomcat initialized with port(s): 8001 (http)
2020-10-12 01:24:45.262 [main] INFO  org.apache.coyote.http11.Http11NioProtocol - Initializing ProtocolHandler ["http-nio-8001"]
2020-10-12 01:24:45.263 [main] INFO  org.apache.catalina.core.StandardService - Starting service [Tomcat]
2020-10-12 01:24:45.263 [main] INFO  org.apache.catalina.core.StandardEngine - Starting Servlet engine: [Apache Tomcat/9.0.27]
2020-10-12 01:24:45.324 [main] INFO  o.a.c.core.ContainerBase.[Tomcat].[localhost].[/] - Initializing Spring embedded WebApplicationContext
2020-10-12 01:24:45.325 [main] INFO  org.springframework.web.context.ContextLoader - Root WebApplicationContext: initialization completed in 1134 ms
2020-10-12 01:24:45.468 [main] INFO  com.zaxxer.hikari.HikariDataSource - HikariPool-1 - Starting...
2020-10-12 01:24:45.636 [main] INFO  com.zaxxer.hikari.HikariDataSource - HikariPool-1 - Start completed.
2020-10-12 01:24:45.992 [main] INFO  s.d.s.w.PropertySourcedRequestMappingHandlerMapping - Mapped URL path [/v2/api-docs] onto method [springfox.documentation.swagger2.web.Swagger2Controller#getDocumentation(String, HttpServletRequest)]
2020-10-12 01:24:46.071 [main] INFO  o.s.scheduling.concurrent.ThreadPoolTaskExecutor - Initializing ExecutorService 'applicationTaskExecutor'
2020-10-12 01:24:46.468 [main] INFO  s.d.s.web.plugins.DocumentationPluginsBootstrapper - Context refreshed
2020-10-12 01:24:46.483 [main] INFO  s.d.s.web.plugins.DocumentationPluginsBootstrapper - Found 1 custom documentation plugin(s)
2020-10-12 01:24:46.511 [main] INFO  s.d.spring.web.scanners.ApiListingReferenceScanner - Scanning for api listing references
2020-10-12 01:24:46.661 [main] INFO  org.apache.coyote.http11.Http11NioProtocol - Starting ProtocolHandler ["http-nio-8001"]
2020-10-12 01:24:46.694 [main] INFO  o.s.boot.web.embedded.tomcat.TomcatWebServer - Tomcat started on port(s): 8001 (http) with context path ''
2020-10-12 01:24:46.697 [main] INFO  com.online_education.service_edu.EduApplication - Started EduApplication in 2.925 seconds (JVM running for 3.465)
2020-10-12 01:24:52.410 [http-nio-8001-exec-1] INFO  o.a.c.core.ContainerBase.[Tomcat].[localhost].[/] - Initializing Spring DispatcherServlet 'dispatcherServlet'
2020-10-12 01:24:52.410 [http-nio-8001-exec-1] INFO  org.springframework.web.servlet.DispatcherServlet - Initializing Servlet 'dispatcherServlet'
2020-10-12 01:24:52.415 [http-nio-8001-exec-1] INFO  org.springframework.web.servlet.DispatcherServlet - Completed initialization in 4 ms
2020-10-12 01:25:40.592 [SpringContextShutdownHook] INFO  o.s.scheduling.concurrent.ThreadPoolTaskExecutor - Shutting down ExecutorService 'applicationTaskExecutor'
2020-10-12 01:25:40.595 [SpringContextShutdownHook] INFO  com.zaxxer.hikari.HikariDataSource - HikariPool-1 - Shutdown initiated...
2020-10-12 01:25:40.599 [SpringContextShutdownHook] INFO  com.zaxxer.hikari.HikariDataSource - HikariPool-1 - Shutdown completed.
2020-10-12 01:25:44.114 [main] INFO  com.online_education.service_edu.EduApplication - Starting EduApplication on dazhideMBP with PID 6496 (/Users/dazhi/Downloads/online_education/service/service_edu/target/classes started by dazhi in /Users/dazhi/Downloads/online_education)
2020-10-12 01:25:44.117 [main] INFO  com.online_education.service_edu.EduApplication - The following profiles are active: dev
2020-10-12 01:25:44.779 [main] INFO  o.s.d.r.config.RepositoryConfigurationDelegate - Multiple Spring Data modules found, entering strict repository configuration mode!
2020-10-12 01:25:44.781 [main] INFO  o.s.d.r.config.RepositoryConfigurationDelegate - Bootstrapping Spring Data repositories in DEFAULT mode.
2020-10-12 01:25:44.801 [main] INFO  o.s.d.r.config.RepositoryConfigurationDelegate - Finished Spring Data repository scanning in 8ms. Found 0 repository interfaces.
2020-10-12 01:25:45.017 [main] INFO  o.s.c.s.PostProcessorRegistrationDelegate$BeanPostProcessorChecker - Bean 'org.springframework.transaction.annotation.ProxyTransactionManagementConfiguration' of type [org.springframework.transaction.annotation.ProxyTransactionManagementConfiguration] is not eligible for getting processed by all BeanPostProcessors (for example: not eligible for auto-proxying)
2020-10-12 01:25:45.170 [main] INFO  o.s.boot.web.embedded.tomcat.TomcatWebServer - Tomcat initialized with port(s): 8001 (http)
2020-10-12 01:25:45.176 [main] INFO  org.apache.coyote.http11.Http11NioProtocol - Initializing ProtocolHandler ["http-nio-8001"]
2020-10-12 01:25:45.177 [main] INFO  org.apache.catalina.core.StandardService - Starting service [Tomcat]
2020-10-12 01:25:45.177 [main] INFO  org.apache.catalina.core.StandardEngine - Starting Servlet engine: [Apache Tomcat/9.0.27]
2020-10-12 01:25:45.232 [main] INFO  o.a.c.core.ContainerBase.[Tomcat].[localhost].[/] - Initializing Spring embedded WebApplicationContext
2020-10-12 01:25:45.232 [main] INFO  org.springframework.web.context.ContextLoader - Root WebApplicationContext: initialization completed in 1077 ms
2020-10-12 01:25:45.365 [main] INFO  com.zaxxer.hikari.HikariDataSource - HikariPool-1 - Starting...
2020-10-12 01:25:45.508 [main] INFO  com.zaxxer.hikari.HikariDataSource - HikariPool-1 - Start completed.
2020-10-12 01:25:45.841 [main] INFO  s.d.s.w.PropertySourcedRequestMappingHandlerMapping - Mapped URL path [/v2/api-docs] onto method [springfox.documentation.swagger2.web.Swagger2Controller#getDocumentation(String, HttpServletRequest)]
2020-10-12 01:25:45.915 [main] INFO  o.s.scheduling.concurrent.ThreadPoolTaskExecutor - Initializing ExecutorService 'applicationTaskExecutor'
2020-10-12 01:25:46.238 [main] INFO  s.d.s.web.plugins.DocumentationPluginsBootstrapper - Context refreshed
2020-10-12 01:25:46.251 [main] INFO  s.d.s.web.plugins.DocumentationPluginsBootstrapper - Found 1 custom documentation plugin(s)
2020-10-12 01:25:46.278 [main] INFO  s.d.spring.web.scanners.ApiListingReferenceScanner - Scanning for api listing references
2020-10-12 01:25:46.414 [main] INFO  org.apache.coyote.http11.Http11NioProtocol - Starting ProtocolHandler ["http-nio-8001"]
2020-10-12 01:25:46.442 [main] INFO  o.s.boot.web.embedded.tomcat.TomcatWebServer - Tomcat started on port(s): 8001 (http) with context path ''
2020-10-12 01:25:46.445 [main] INFO  com.online_education.service_edu.EduApplication - Started EduApplication in 2.706 seconds (JVM running for 3.215)
2020-10-12 01:26:03.039 [http-nio-8001-exec-1] INFO  o.a.c.core.ContainerBase.[Tomcat].[localhost].[/] - Initializing Spring DispatcherServlet 'dispatcherServlet'
2020-10-12 01:26:03.040 [http-nio-8001-exec-1] INFO  org.springframework.web.servlet.DispatcherServlet - Initializing Servlet 'dispatcherServlet'
2020-10-12 01:26:03.048 [http-nio-8001-exec-1] INFO  org.springframework.web.servlet.DispatcherServlet - Completed initialization in 8 ms
2020-10-12 03:04:59.933 [SpringContextShutdownHook] INFO  o.s.scheduling.concurrent.ThreadPoolTaskExecutor - Shutting down ExecutorService 'applicationTaskExecutor'
2020-10-12 03:04:59.937 [SpringContextShutdownHook] INFO  com.zaxxer.hikari.HikariDataSource - HikariPool-1 - Shutdown initiated...
2020-10-12 03:04:59.942 [SpringContextShutdownHook] INFO  com.zaxxer.hikari.HikariDataSource - HikariPool-1 - Shutdown completed.
2020-10-12 03:05:03.520 [main] INFO  com.online_education.service_edu.EduApplication - Starting EduApplication on dazhideMBP with PID 7685 (/Users/dazhi/Downloads/online_education/service/service_edu/target/classes started by dazhi in /Users/dazhi/Downloads/online_education)
2020-10-12 03:05:03.525 [main] INFO  com.online_education.service_edu.EduApplication - The following profiles are active: dev
2020-10-12 03:05:04.187 [main] INFO  o.s.d.r.config.RepositoryConfigurationDelegate - Multiple Spring Data modules found, entering strict repository configuration mode!
2020-10-12 03:05:04.189 [main] INFO  o.s.d.r.config.RepositoryConfigurationDelegate - Bootstrapping Spring Data repositories in DEFAULT mode.
2020-10-12 03:05:04.206 [main] INFO  o.s.d.r.config.RepositoryConfigurationDelegate - Finished Spring Data repository scanning in 7ms. Found 0 repository interfaces.
2020-10-12 03:05:04.417 [main] INFO  o.s.c.s.PostProcessorRegistrationDelegate$BeanPostProcessorChecker - Bean 'org.springframework.transaction.annotation.ProxyTransactionManagementConfiguration' of type [org.springframework.transaction.annotation.ProxyTransactionManagementConfiguration] is not eligible for getting processed by all BeanPostProcessors (for example: not eligible for auto-proxying)
2020-10-12 03:05:04.574 [main] INFO  o.s.boot.web.embedded.tomcat.TomcatWebServer - Tomcat initialized with port(s): 8001 (http)
2020-10-12 03:05:04.580 [main] INFO  org.apache.coyote.http11.Http11NioProtocol - Initializing ProtocolHandler ["http-nio-8001"]
2020-10-12 03:05:04.580 [main] INFO  org.apache.catalina.core.StandardService - Starting service [Tomcat]
2020-10-12 03:05:04.581 [main] INFO  org.apache.catalina.core.StandardEngine - Starting Servlet engine: [Apache Tomcat/9.0.27]
2020-10-12 03:05:04.635 [main] INFO  o.a.c.core.ContainerBase.[Tomcat].[localhost].[/] - Initializing Spring embedded WebApplicationContext
2020-10-12 03:05:04.636 [main] INFO  org.springframework.web.context.ContextLoader - Root WebApplicationContext: initialization completed in 1057 ms
2020-10-12 03:05:04.769 [main] INFO  com.zaxxer.hikari.HikariDataSource - HikariPool-1 - Starting...
2020-10-12 03:05:04.915 [main] INFO  com.zaxxer.hikari.HikariDataSource - HikariPool-1 - Start completed.
2020-10-12 03:05:05.241 [main] INFO  s.d.s.w.PropertySourcedRequestMappingHandlerMapping - Mapped URL path [/v2/api-docs] onto method [springfox.documentation.swagger2.web.Swagger2Controller#getDocumentation(String, HttpServletRequest)]
2020-10-12 03:05:05.316 [main] INFO  o.s.scheduling.concurrent.ThreadPoolTaskExecutor - Initializing ExecutorService 'applicationTaskExecutor'
2020-10-12 03:05:05.648 [main] INFO  s.d.s.web.plugins.DocumentationPluginsBootstrapper - Context refreshed
2020-10-12 03:05:05.660 [main] INFO  s.d.s.web.plugins.DocumentationPluginsBootstrapper - Found 1 custom documentation plugin(s)
2020-10-12 03:05:05.688 [main] INFO  s.d.spring.web.scanners.ApiListingReferenceScanner - Scanning for api listing references
2020-10-12 03:05:05.830 [main] INFO  org.apache.coyote.http11.Http11NioProtocol - Starting ProtocolHandler ["http-nio-8001"]
2020-10-12 03:05:05.857 [main] INFO  o.s.boot.web.embedded.tomcat.TomcatWebServer - Tomcat started on port(s): 8001 (http) with context path ''
2020-10-12 03:05:05.861 [main] INFO  com.online_education.service_edu.EduApplication - Started EduApplication in 2.693 seconds (JVM running for 3.181)
2020-10-12 03:05:47.032 [http-nio-8001-exec-1] INFO  o.a.c.core.ContainerBase.[Tomcat].[localhost].[/] - Initializing Spring DispatcherServlet 'dispatcherServlet'
2020-10-12 03:05:47.033 [http-nio-8001-exec-1] INFO  org.springframework.web.servlet.DispatcherServlet - Initializing Servlet 'dispatcherServlet'
2020-10-12 03:05:47.039 [http-nio-8001-exec-1] INFO  org.springframework.web.servlet.DispatcherServlet - Completed initialization in 6 ms
2020-10-12 03:10:53.421 [SpringContextShutdownHook] INFO  o.s.scheduling.concurrent.ThreadPoolTaskExecutor - Shutting down ExecutorService 'applicationTaskExecutor'
2020-10-12 03:10:53.423 [SpringContextShutdownHook] INFO  com.zaxxer.hikari.HikariDataSource - HikariPool-1 - Shutdown initiated...
2020-10-12 03:10:53.429 [SpringContextShutdownHook] INFO  com.zaxxer.hikari.HikariDataSource - HikariPool-1 - Shutdown completed.
2020-10-12 03:10:56.956 [main] INFO  com.online_education.service_edu.EduApplication - Starting EduApplication on dazhideMBP with PID 7766 (/Users/dazhi/Downloads/online_education/service/service_edu/target/classes started by dazhi in /Users/dazhi/Downloads/online_education)
2020-10-12 03:10:56.958 [main] INFO  com.online_education.service_edu.EduApplication - The following profiles are active: dev
2020-10-12 03:10:57.607 [main] INFO  o.s.d.r.config.RepositoryConfigurationDelegate - Multiple Spring Data modules found, entering strict repository configuration mode!
2020-10-12 03:10:57.608 [main] INFO  o.s.d.r.config.RepositoryConfigurationDelegate - Bootstrapping Spring Data repositories in DEFAULT mode.
2020-10-12 03:10:57.625 [main] INFO  o.s.d.r.config.RepositoryConfigurationDelegate - Finished Spring Data repository scanning in 6ms. Found 0 repository interfaces.
2020-10-12 03:10:57.840 [main] INFO  o.s.c.s.PostProcessorRegistrationDelegate$BeanPostProcessorChecker - Bean 'org.springframework.transaction.annotation.ProxyTransactionManagementConfiguration' of type [org.springframework.transaction.annotation.ProxyTransactionManagementConfiguration] is not eligible for getting processed by all BeanPostProcessors (for example: not eligible for auto-proxying)
2020-10-12 03:10:58.000 [main] INFO  o.s.boot.web.embedded.tomcat.TomcatWebServer - Tomcat initialized with port(s): 8001 (http)
2020-10-12 03:10:58.006 [main] INFO  org.apache.coyote.http11.Http11NioProtocol - Initializing ProtocolHandler ["http-nio-8001"]
2020-10-12 03:10:58.007 [main] INFO  org.apache.catalina.core.StandardService - Starting service [Tomcat]
2020-10-12 03:10:58.007 [main] INFO  org.apache.catalina.core.StandardEngine - Starting Servlet engine: [Apache Tomcat/9.0.27]
2020-10-12 03:10:58.065 [main] INFO  o.a.c.core.ContainerBase.[Tomcat].[localhost].[/] - Initializing Spring embedded WebApplicationContext
2020-10-12 03:10:58.065 [main] INFO  org.springframework.web.context.ContextLoader - Root WebApplicationContext: initialization completed in 1058 ms
2020-10-12 03:10:58.194 [main] INFO  com.zaxxer.hikari.HikariDataSource - HikariPool-1 - Starting...
2020-10-12 03:10:58.332 [main] INFO  com.zaxxer.hikari.HikariDataSource - HikariPool-1 - Start completed.
2020-10-12 03:10:58.649 [main] INFO  s.d.s.w.PropertySourcedRequestMappingHandlerMapping - Mapped URL path [/v2/api-docs] onto method [springfox.documentation.swagger2.web.Swagger2Controller#getDocumentation(String, HttpServletRequest)]
2020-10-12 03:10:58.723 [main] INFO  o.s.scheduling.concurrent.ThreadPoolTaskExecutor - Initializing ExecutorService 'applicationTaskExecutor'
2020-10-12 03:10:59.049 [main] INFO  s.d.s.web.plugins.DocumentationPluginsBootstrapper - Context refreshed
2020-10-12 03:10:59.062 [main] INFO  s.d.s.web.plugins.DocumentationPluginsBootstrapper - Found 1 custom documentation plugin(s)
2020-10-12 03:10:59.089 [main] INFO  s.d.spring.web.scanners.ApiListingReferenceScanner - Scanning for api listing references
2020-10-12 03:10:59.226 [main] INFO  org.apache.coyote.http11.Http11NioProtocol - Starting ProtocolHandler ["http-nio-8001"]
2020-10-12 03:10:59.256 [main] INFO  o.s.boot.web.embedded.tomcat.TomcatWebServer - Tomcat started on port(s): 8001 (http) with context path ''
2020-10-12 03:10:59.259 [main] INFO  com.online_education.service_edu.EduApplication - Started EduApplication in 2.659 seconds (JVM running for 3.17)
2020-10-12 03:11:07.157 [http-nio-8001-exec-1] INFO  o.a.c.core.ContainerBase.[Tomcat].[localhost].[/] - Initializing Spring DispatcherServlet 'dispatcherServlet'
2020-10-12 03:11:07.158 [http-nio-8001-exec-1] INFO  org.springframework.web.servlet.DispatcherServlet - Initializing Servlet 'dispatcherServlet'
2020-10-12 03:11:07.163 [http-nio-8001-exec-1] INFO  org.springframework.web.servlet.DispatcherServlet - Completed initialization in 5 ms
2020-10-12 03:15:03.737 [SpringContextShutdownHook] INFO  o.s.scheduling.concurrent.ThreadPoolTaskExecutor - Shutting down ExecutorService 'applicationTaskExecutor'
2020-10-12 03:15:03.739 [SpringContextShutdownHook] INFO  com.zaxxer.hikari.HikariDataSource - HikariPool-1 - Shutdown initiated...
2020-10-12 03:15:03.745 [SpringContextShutdownHook] INFO  com.zaxxer.hikari.HikariDataSource - HikariPool-1 - Shutdown completed.
2020-10-12 03:15:07.505 [main] INFO  com.online_education.service_edu.EduApplication - Starting EduApplication on dazhideMBP with PID 7837 (/Users/dazhi/Downloads/online_education/service/service_edu/target/classes started by dazhi in /Users/dazhi/Downloads/online_education)
2020-10-12 03:15:07.510 [main] INFO  com.online_education.service_edu.EduApplication - The following profiles are active: dev
2020-10-12 03:15:08.262 [main] INFO  o.s.d.r.config.RepositoryConfigurationDelegate - Multiple Spring Data modules found, entering strict repository configuration mode!
2020-10-12 03:15:08.265 [main] INFO  o.s.d.r.config.RepositoryConfigurationDelegate - Bootstrapping Spring Data repositories in DEFAULT mode.
2020-10-12 03:15:08.291 [main] INFO  o.s.d.r.config.RepositoryConfigurationDelegate - Finished Spring Data repository scanning in 9ms. Found 0 repository interfaces.
2020-10-12 03:15:08.601 [main] INFO  o.s.c.s.PostProcessorRegistrationDelegate$BeanPostProcessorChecker - Bean 'org.springframework.transaction.annotation.ProxyTransactionManagementConfiguration' of type [org.springframework.transaction.annotation.ProxyTransactionManagementConfiguration] is not eligible for getting processed by all BeanPostProcessors (for example: not eligible for auto-proxying)
2020-10-12 03:15:08.778 [main] INFO  o.s.boot.web.embedded.tomcat.TomcatWebServer - Tomcat initialized with port(s): 8001 (http)
2020-10-12 03:15:08.784 [main] INFO  org.apache.coyote.http11.Http11NioProtocol - Initializing ProtocolHandler ["http-nio-8001"]
2020-10-12 03:15:08.784 [main] INFO  org.apache.catalina.core.StandardService - Starting service [Tomcat]
2020-10-12 03:15:08.785 [main] INFO  org.apache.catalina.core.StandardEngine - Starting Servlet engine: [Apache Tomcat/9.0.27]
2020-10-12 03:15:08.842 [main] INFO  o.a.c.core.ContainerBase.[Tomcat].[localhost].[/] - Initializing Spring embedded WebApplicationContext
2020-10-12 03:15:08.842 [main] INFO  org.springframework.web.context.ContextLoader - Root WebApplicationContext: initialization completed in 1289 ms
2020-10-12 03:15:08.995 [main] INFO  com.zaxxer.hikari.HikariDataSource - HikariPool-1 - Starting...
2020-10-12 03:15:09.178 [main] INFO  com.zaxxer.hikari.HikariDataSource - HikariPool-1 - Start completed.
2020-10-12 03:15:09.607 [main] INFO  s.d.s.w.PropertySourcedRequestMappingHandlerMapping - Mapped URL path [/v2/api-docs] onto method [springfox.documentation.swagger2.web.Swagger2Controller#getDocumentation(String, HttpServletRequest)]
2020-10-12 03:15:09.686 [main] INFO  o.s.scheduling.concurrent.ThreadPoolTaskExecutor - Initializing ExecutorService 'applicationTaskExecutor'
2020-10-12 03:15:10.045 [main] INFO  s.d.s.web.plugins.DocumentationPluginsBootstrapper - Context refreshed
2020-10-12 03:15:10.058 [main] INFO  s.d.s.web.plugins.DocumentationPluginsBootstrapper - Found 1 custom documentation plugin(s)
2020-10-12 03:15:10.085 [main] INFO  s.d.spring.web.scanners.ApiListingReferenceScanner - Scanning for api listing references
2020-10-12 03:15:10.229 [main] INFO  org.apache.coyote.http11.Http11NioProtocol - Starting ProtocolHandler ["http-nio-8001"]
2020-10-12 03:15:10.261 [main] INFO  o.s.boot.web.embedded.tomcat.TomcatWebServer - Tomcat started on port(s): 8001 (http) with context path ''
2020-10-12 03:15:10.264 [main] INFO  com.online_education.service_edu.EduApplication - Started EduApplication in 3.218 seconds (JVM running for 3.748)
2020-10-12 03:17:47.257 [SpringContextShutdownHook] INFO  o.s.scheduling.concurrent.ThreadPoolTaskExecutor - Shutting down ExecutorService 'applicationTaskExecutor'
2020-10-12 03:17:47.260 [SpringContextShutdownHook] INFO  com.zaxxer.hikari.HikariDataSource - HikariPool-1 - Shutdown initiated...
2020-10-12 03:17:47.265 [SpringContextShutdownHook] INFO  com.zaxxer.hikari.HikariDataSource - HikariPool-1 - Shutdown completed.
2020-10-12 03:17:50.960 [main] INFO  com.online_education.service_edu.EduApplication - Starting EduApplication on dazhideMBP with PID 7865 (/Users/dazhi/Downloads/online_education/service/service_edu/target/classes started by dazhi in /Users/dazhi/Downloads/online_education)
2020-10-12 03:17:50.963 [main] INFO  com.online_education.service_edu.EduApplication - The following profiles are active: dev
2020-10-12 03:17:51.650 [main] INFO  o.s.d.r.config.RepositoryConfigurationDelegate - Multiple Spring Data modules found, entering strict repository configuration mode!
2020-10-12 03:17:51.651 [main] INFO  o.s.d.r.config.RepositoryConfigurationDelegate - Bootstrapping Spring Data repositories in DEFAULT mode.
2020-10-12 03:17:51.671 [main] INFO  o.s.d.r.config.RepositoryConfigurationDelegate - Finished Spring Data repository scanning in 8ms. Found 0 repository interfaces.
2020-10-12 03:17:51.907 [main] INFO  o.s.c.s.PostProcessorRegistrationDelegate$BeanPostProcessorChecker - Bean 'org.springframework.transaction.annotation.ProxyTransactionManagementConfiguration' of type [org.springframework.transaction.annotation.ProxyTransactionManagementConfiguration] is not eligible for getting processed by all BeanPostProcessors (for example: not eligible for auto-proxying)
2020-10-12 03:17:52.070 [main] INFO  o.s.boot.web.embedded.tomcat.TomcatWebServer - Tomcat initialized with port(s): 8001 (http)
2020-10-12 03:17:52.076 [main] INFO  org.apache.coyote.http11.Http11NioProtocol - Initializing ProtocolHandler ["http-nio-8001"]
2020-10-12 03:17:52.077 [main] INFO  org.apache.catalina.core.StandardService - Starting service [Tomcat]
2020-10-12 03:17:52.077 [main] INFO  org.apache.catalina.core.StandardEngine - Starting Servlet engine: [Apache Tomcat/9.0.27]
2020-10-12 03:17:52.136 [main] INFO  o.a.c.core.ContainerBase.[Tomcat].[localhost].[/] - Initializing Spring embedded WebApplicationContext
2020-10-12 03:17:52.137 [main] INFO  org.springframework.web.context.ContextLoader - Root WebApplicationContext: initialization completed in 1134 ms
2020-10-12 03:17:52.265 [main] INFO  com.zaxxer.hikari.HikariDataSource - HikariPool-1 - Starting...
2020-10-12 03:17:52.408 [main] INFO  com.zaxxer.hikari.HikariDataSource - HikariPool-1 - Start completed.
2020-10-12 03:17:52.738 [main] INFO  s.d.s.w.PropertySourcedRequestMappingHandlerMapping - Mapped URL path [/v2/api-docs] onto method [springfox.documentation.swagger2.web.Swagger2Controller#getDocumentation(String, HttpServletRequest)]
2020-10-12 03:17:52.814 [main] INFO  o.s.scheduling.concurrent.ThreadPoolTaskExecutor - Initializing ExecutorService 'applicationTaskExecutor'
2020-10-12 03:17:53.145 [main] INFO  s.d.s.web.plugins.DocumentationPluginsBootstrapper - Context refreshed
2020-10-12 03:17:53.158 [main] INFO  s.d.s.web.plugins.DocumentationPluginsBootstrapper - Found 1 custom documentation plugin(s)
2020-10-12 03:17:53.184 [main] INFO  s.d.spring.web.scanners.ApiListingReferenceScanner - Scanning for api listing references
2020-10-12 03:17:53.331 [main] INFO  org.apache.coyote.http11.Http11NioProtocol - Starting ProtocolHandler ["http-nio-8001"]
2020-10-12 03:17:53.361 [main] INFO  o.s.boot.web.embedded.tomcat.TomcatWebServer - Tomcat started on port(s): 8001 (http) with context path ''
2020-10-12 03:17:53.364 [main] INFO  com.online_education.service_edu.EduApplication - Started EduApplication in 2.756 seconds (JVM running for 3.271)
2020-10-12 03:18:54.667 [http-nio-8001-exec-1] INFO  o.a.c.core.ContainerBase.[Tomcat].[localhost].[/] - Initializing Spring DispatcherServlet 'dispatcherServlet'
2020-10-12 03:18:54.668 [http-nio-8001-exec-1] INFO  org.springframework.web.servlet.DispatcherServlet - Initializing Servlet 'dispatcherServlet'
2020-10-12 03:18:54.678 [http-nio-8001-exec-1] INFO  org.springframework.web.servlet.DispatcherServlet - Completed initialization in 10 ms
2020-10-12 18:47:04.731 [SpringContextShutdownHook] INFO  o.s.scheduling.concurrent.ThreadPoolTaskExecutor - Shutting down ExecutorService 'applicationTaskExecutor'
2020-10-12 18:47:04.738 [SpringContextShutdownHook] INFO  com.zaxxer.hikari.HikariDataSource - HikariPool-1 - Shutdown initiated...
2020-10-12 18:47:04.745 [SpringContextShutdownHook] INFO  com.zaxxer.hikari.HikariDataSource - HikariPool-1 - Shutdown completed.
2020-10-12 20:41:36.873 [main] INFO  c.online_education.oss.service_edu.EduApplication - Starting EduApplication on dazhideMBP with PID 14458 (/Users/dazhi/Downloads/online_education/service/service_edu/target/classes started by dazhi in /Users/dazhi/Downloads/online_education)
2020-10-12 20:41:36.877 [main] INFO  c.online_education.oss.service_edu.EduApplication - The following profiles are active: dev
2020-10-12 20:41:37.719 [main] INFO  o.s.d.r.config.RepositoryConfigurationDelegate - Multiple Spring Data modules found, entering strict repository configuration mode!
2020-10-12 20:41:37.722 [main] INFO  o.s.d.r.config.RepositoryConfigurationDelegate - Bootstrapping Spring Data repositories in DEFAULT mode.
2020-10-12 20:41:37.744 [main] INFO  o.s.d.r.config.RepositoryConfigurationDelegate - Finished Spring Data repository scanning in 6ms. Found 0 repository interfaces.
2020-10-12 20:41:38.007 [main] INFO  o.s.c.s.PostProcessorRegistrationDelegate$BeanPostProcessorChecker - Bean 'org.springframework.transaction.annotation.ProxyTransactionManagementConfiguration' of type [org.springframework.transaction.annotation.ProxyTransactionManagementConfiguration] is not eligible for getting processed by all BeanPostProcessors (for example: not eligible for auto-proxying)
2020-10-12 20:41:38.214 [main] INFO  o.s.boot.web.embedded.tomcat.TomcatWebServer - Tomcat initialized with port(s): 8001 (http)
2020-10-12 20:41:38.223 [main] INFO  org.apache.coyote.http11.Http11NioProtocol - Initializing ProtocolHandler ["http-nio-8001"]
2020-10-12 20:41:38.224 [main] INFO  org.apache.catalina.core.StandardService - Starting service [Tomcat]
2020-10-12 20:41:38.224 [main] INFO  org.apache.catalina.core.StandardEngine - Starting Servlet engine: [Apache Tomcat/9.0.27]
2020-10-12 20:41:38.290 [main] INFO  o.a.c.core.ContainerBase.[Tomcat].[localhost].[/] - Initializing Spring embedded WebApplicationContext
2020-10-12 20:41:38.290 [main] INFO  org.springframework.web.context.ContextLoader - Root WebApplicationContext: initialization completed in 1372 ms
2020-10-12 20:41:38.344 [main] INFO  org.apache.catalina.core.StandardService - Stopping service [Tomcat]
2020-10-12 20:41:38.358 [main] INFO  o.s.b.a.l.ConditionEvaluationReportLoggingListener - 

Error starting ApplicationContext. To display the conditions report re-run your application with 'debug' enabled.
2020-10-12 20:59:27.949 [main] INFO  c.online_education.oss.service_edu.EduApplication - Starting EduApplication on dazhideMBP with PID 15258 (/Users/dazhi/Downloads/online_education/service/service_edu/target/classes started by dazhi in /Users/dazhi/Downloads/online_education)
2020-10-12 20:59:27.953 [main] INFO  c.online_education.oss.service_edu.EduApplication - The following profiles are active: dev
2020-10-12 20:59:28.715 [main] INFO  o.s.d.r.config.RepositoryConfigurationDelegate - Multiple Spring Data modules found, entering strict repository configuration mode!
2020-10-12 20:59:28.718 [main] INFO  o.s.d.r.config.RepositoryConfigurationDelegate - Bootstrapping Spring Data repositories in DEFAULT mode.
2020-10-12 20:59:28.739 [main] INFO  o.s.d.r.config.RepositoryConfigurationDelegate - Finished Spring Data repository scanning in 6ms. Found 0 repository interfaces.
2020-10-12 20:59:28.987 [main] INFO  o.s.c.s.PostProcessorRegistrationDelegate$BeanPostProcessorChecker - Bean 'org.springframework.transaction.annotation.ProxyTransactionManagementConfiguration' of type [org.springframework.transaction.annotation.ProxyTransactionManagementConfiguration] is not eligible for getting processed by all BeanPostProcessors (for example: not eligible for auto-proxying)
2020-10-12 20:59:29.196 [main] INFO  o.s.boot.web.embedded.tomcat.TomcatWebServer - Tomcat initialized with port(s): 8001 (http)
2020-10-12 20:59:29.205 [main] INFO  org.apache.coyote.http11.Http11NioProtocol - Initializing ProtocolHandler ["http-nio-8001"]
2020-10-12 20:59:29.206 [main] INFO  org.apache.catalina.core.StandardService - Starting service [Tomcat]
2020-10-12 20:59:29.206 [main] INFO  org.apache.catalina.core.StandardEngine - Starting Servlet engine: [Apache Tomcat/9.0.27]
2020-10-12 20:59:29.272 [main] INFO  o.a.c.core.ContainerBase.[Tomcat].[localhost].[/] - Initializing Spring embedded WebApplicationContext
2020-10-12 20:59:29.272 [main] INFO  org.springframework.web.context.ContextLoader - Root WebApplicationContext: initialization completed in 1275 ms
2020-10-12 20:59:29.325 [main] INFO  org.apache.catalina.core.StandardService - Stopping service [Tomcat]
2020-10-12 20:59:29.340 [main] INFO  o.s.b.a.l.ConditionEvaluationReportLoggingListener - 

Error starting ApplicationContext. To display the conditions report re-run your application with 'debug' enabled.
2020-10-12 21:02:30.543 [main] INFO  com.online_education.service_edu.EduApplication - Starting EduApplication on dazhideMBP with PID 15363 (/Users/dazhi/Downloads/online_education/service/service_edu/target/classes started by dazhi in /Users/dazhi/Downloads/online_education)
2020-10-12 21:02:30.546 [main] INFO  com.online_education.service_edu.EduApplication - The following profiles are active: dev
2020-10-12 21:02:31.296 [main] INFO  o.s.d.r.config.RepositoryConfigurationDelegate - Multiple Spring Data modules found, entering strict repository configuration mode!
2020-10-12 21:02:31.298 [main] INFO  o.s.d.r.config.RepositoryConfigurationDelegate - Bootstrapping Spring Data repositories in DEFAULT mode.
2020-10-12 21:02:31.318 [main] INFO  o.s.d.r.config.RepositoryConfigurationDelegate - Finished Spring Data repository scanning in 6ms. Found 0 repository interfaces.
2020-10-12 21:02:31.576 [main] INFO  o.s.c.s.PostProcessorRegistrationDelegate$BeanPostProcessorChecker - Bean 'org.springframework.transaction.annotation.ProxyTransactionManagementConfiguration' of type [org.springframework.transaction.annotation.ProxyTransactionManagementConfiguration] is not eligible for getting processed by all BeanPostProcessors (for example: not eligible for auto-proxying)
2020-10-12 21:02:31.786 [main] INFO  o.s.boot.web.embedded.tomcat.TomcatWebServer - Tomcat initialized with port(s): 8001 (http)
2020-10-12 21:02:31.794 [main] INFO  org.apache.coyote.http11.Http11NioProtocol - Initializing ProtocolHandler ["http-nio-8001"]
2020-10-12 21:02:31.795 [main] INFO  org.apache.catalina.core.StandardService - Starting service [Tomcat]
2020-10-12 21:02:31.795 [main] INFO  org.apache.catalina.core.StandardEngine - Starting Servlet engine: [Apache Tomcat/9.0.27]
2020-10-12 21:02:31.881 [main] INFO  o.a.c.core.ContainerBase.[Tomcat].[localhost].[/] - Initializing Spring embedded WebApplicationContext
2020-10-12 21:02:31.881 [main] INFO  org.springframework.web.context.ContextLoader - Root WebApplicationContext: initialization completed in 1291 ms
2020-10-12 21:02:32.044 [main] INFO  com.zaxxer.hikari.HikariDataSource - HikariPool-1 - Starting...
2020-10-12 21:02:32.218 [main] INFO  com.zaxxer.hikari.HikariDataSource - HikariPool-1 - Start completed.
2020-10-12 21:02:32.587 [main] INFO  s.d.s.w.PropertySourcedRequestMappingHandlerMapping - Mapped URL path [/v2/api-docs] onto method [springfox.documentation.swagger2.web.Swagger2Controller#getDocumentation(String, HttpServletRequest)]
2020-10-12 21:02:32.679 [main] INFO  o.s.scheduling.concurrent.ThreadPoolTaskExecutor - Initializing ExecutorService 'applicationTaskExecutor'
2020-10-12 21:02:33.154 [main] INFO  s.d.s.web.plugins.DocumentationPluginsBootstrapper - Context refreshed
2020-10-12 21:02:33.171 [main] INFO  s.d.s.web.plugins.DocumentationPluginsBootstrapper - Found 1 custom documentation plugin(s)
2020-10-12 21:02:33.202 [main] INFO  s.d.spring.web.scanners.ApiListingReferenceScanner - Scanning for api listing references
2020-10-12 21:02:33.355 [main] INFO  org.apache.coyote.http11.Http11NioProtocol - Starting ProtocolHandler ["http-nio-8001"]
2020-10-12 21:02:33.387 [main] INFO  o.s.boot.web.embedded.tomcat.TomcatWebServer - Tomcat started on port(s): 8001 (http) with context path ''
2020-10-12 21:02:33.390 [main] INFO  com.online_education.service_edu.EduApplication - Started EduApplication in 3.261 seconds (JVM running for 3.741)
2020-10-12 21:02:47.911 [http-nio-8001-exec-1] INFO  o.a.c.core.ContainerBase.[Tomcat].[localhost].[/] - Initializing Spring DispatcherServlet 'dispatcherServlet'
2020-10-12 21:02:47.912 [http-nio-8001-exec-1] INFO  org.springframework.web.servlet.DispatcherServlet - Initializing Servlet 'dispatcherServlet'
2020-10-12 21:02:47.926 [http-nio-8001-exec-1] INFO  org.springframework.web.servlet.DispatcherServlet - Completed initialization in 14 ms
2020-10-12 21:08:23.671 [SpringContextShutdownHook] INFO  o.s.scheduling.concurrent.ThreadPoolTaskExecutor - Shutting down ExecutorService 'applicationTaskExecutor'
2020-10-12 21:08:23.675 [SpringContextShutdownHook] INFO  com.zaxxer.hikari.HikariDataSource - HikariPool-1 - Shutdown initiated...
2020-10-12 21:08:23.686 [SpringContextShutdownHook] INFO  com.zaxxer.hikari.HikariDataSource - HikariPool-1 - Shutdown completed.
2020-10-12 21:08:25.348 [main] INFO  com.online_education.service_edu.EduApplication - Starting EduApplication on dazhideMBP with PID 15516 (/Users/dazhi/Downloads/online_education/service/service_edu/target/classes started by dazhi in /Users/dazhi/Downloads/online_education)
2020-10-12 21:08:25.351 [main] INFO  com.online_education.service_edu.EduApplication - The following profiles are active: dev
2020-10-12 21:08:26.128 [main] INFO  o.s.d.r.config.RepositoryConfigurationDelegate - Multiple Spring Data modules found, entering strict repository configuration mode!
2020-10-12 21:08:26.132 [main] INFO  o.s.d.r.config.RepositoryConfigurationDelegate - Bootstrapping Spring Data repositories in DEFAULT mode.
2020-10-12 21:08:26.151 [main] INFO  o.s.d.r.config.RepositoryConfigurationDelegate - Finished Spring Data repository scanning in 7ms. Found 0 repository interfaces.
2020-10-12 21:08:26.448 [main] INFO  o.s.c.s.PostProcessorRegistrationDelegate$BeanPostProcessorChecker - Bean 'org.springframework.transaction.annotation.ProxyTransactionManagementConfiguration' of type [org.springframework.transaction.annotation.ProxyTransactionManagementConfiguration] is not eligible for getting processed by all BeanPostProcessors (for example: not eligible for auto-proxying)
2020-10-12 21:08:26.673 [main] INFO  o.s.boot.web.embedded.tomcat.TomcatWebServer - Tomcat initialized with port(s): 8001 (http)
2020-10-12 21:08:26.680 [main] INFO  org.apache.coyote.http11.Http11NioProtocol - Initializing ProtocolHandler ["http-nio-8001"]
2020-10-12 21:08:26.681 [main] INFO  org.apache.catalina.core.StandardService - Starting service [Tomcat]
2020-10-12 21:08:26.681 [main] INFO  org.apache.catalina.core.StandardEngine - Starting Servlet engine: [Apache Tomcat/9.0.27]
2020-10-12 21:08:26.742 [main] INFO  o.a.c.core.ContainerBase.[Tomcat].[localhost].[/] - Initializing Spring embedded WebApplicationContext
2020-10-12 21:08:26.742 [main] INFO  org.springframework.web.context.ContextLoader - Root WebApplicationContext: initialization completed in 1358 ms
2020-10-12 21:08:26.882 [main] INFO  com.zaxxer.hikari.HikariDataSource - HikariPool-1 - Starting...
2020-10-12 21:08:27.052 [main] INFO  com.zaxxer.hikari.HikariDataSource - HikariPool-1 - Start completed.
2020-10-12 21:08:27.382 [main] INFO  s.d.s.w.PropertySourcedRequestMappingHandlerMapping - Mapped URL path [/v2/api-docs] onto method [springfox.documentation.swagger2.web.Swagger2Controller#getDocumentation(String, HttpServletRequest)]
2020-10-12 21:08:27.461 [main] INFO  o.s.scheduling.concurrent.ThreadPoolTaskExecutor - Initializing ExecutorService 'applicationTaskExecutor'
2020-10-12 21:08:27.796 [main] INFO  s.d.s.web.plugins.DocumentationPluginsBootstrapper - Context refreshed
2020-10-12 21:08:27.808 [main] INFO  s.d.s.web.plugins.DocumentationPluginsBootstrapper - Found 1 custom documentation plugin(s)
2020-10-12 21:08:27.844 [main] INFO  s.d.spring.web.scanners.ApiListingReferenceScanner - Scanning for api listing references
2020-10-12 21:08:27.969 [main] INFO  org.apache.coyote.http11.Http11NioProtocol - Starting ProtocolHandler ["http-nio-8001"]
2020-10-12 21:08:27.997 [main] INFO  o.s.boot.web.embedded.tomcat.TomcatWebServer - Tomcat started on port(s): 8001 (http) with context path ''
2020-10-12 21:08:28.001 [main] INFO  com.online_education.service_edu.EduApplication - Started EduApplication in 2.991 seconds (JVM running for 3.456)
2020-10-12 21:08:35.070 [http-nio-8001-exec-1] INFO  o.a.c.core.ContainerBase.[Tomcat].[localhost].[/] - Initializing Spring DispatcherServlet 'dispatcherServlet'
2020-10-12 21:08:35.071 [http-nio-8001-exec-1] INFO  org.springframework.web.servlet.DispatcherServlet - Initializing Servlet 'dispatcherServlet'
2020-10-12 21:08:35.076 [http-nio-8001-exec-1] INFO  org.springframework.web.servlet.DispatcherServlet - Completed initialization in 5 ms
2020-10-12 21:16:09.786 [SpringContextShutdownHook] INFO  o.s.scheduling.concurrent.ThreadPoolTaskExecutor - Shutting down ExecutorService 'applicationTaskExecutor'
2020-10-12 21:16:09.799 [SpringContextShutdownHook] INFO  com.zaxxer.hikari.HikariDataSource - HikariPool-1 - Shutdown initiated...
2020-10-12 21:16:09.807 [SpringContextShutdownHook] INFO  com.zaxxer.hikari.HikariDataSource - HikariPool-1 - Shutdown completed.
2020-10-12 21:16:11.399 [main] INFO  com.online_education.service_edu.EduApplication - Starting EduApplication on dazhideMBP with PID 15634 (/Users/dazhi/Downloads/online_education/service/service_edu/target/classes started by dazhi in /Users/dazhi/Downloads/online_education)
2020-10-12 21:16:11.402 [main] INFO  com.online_education.service_edu.EduApplication - The following profiles are active: dev
2020-10-12 21:16:12.075 [main] INFO  o.s.d.r.config.RepositoryConfigurationDelegate - Multiple Spring Data modules found, entering strict repository configuration mode!
2020-10-12 21:16:12.077 [main] INFO  o.s.d.r.config.RepositoryConfigurationDelegate - Bootstrapping Spring Data repositories in DEFAULT mode.
2020-10-12 21:16:12.093 [main] INFO  o.s.d.r.config.RepositoryConfigurationDelegate - Finished Spring Data repository scanning in 6ms. Found 0 repository interfaces.
2020-10-12 21:16:12.309 [main] INFO  o.s.c.s.PostProcessorRegistrationDelegate$BeanPostProcessorChecker - Bean 'org.springframework.transaction.annotation.ProxyTransactionManagementConfiguration' of type [org.springframework.transaction.annotation.ProxyTransactionManagementConfiguration] is not eligible for getting processed by all BeanPostProcessors (for example: not eligible for auto-proxying)
2020-10-12 21:16:12.470 [main] INFO  o.s.boot.web.embedded.tomcat.TomcatWebServer - Tomcat initialized with port(s): 8001 (http)
2020-10-12 21:16:12.476 [main] INFO  org.apache.coyote.http11.Http11NioProtocol - Initializing ProtocolHandler ["http-nio-8001"]
2020-10-12 21:16:12.477 [main] INFO  org.apache.catalina.core.StandardService - Starting service [Tomcat]
2020-10-12 21:16:12.477 [main] INFO  org.apache.catalina.core.StandardEngine - Starting Servlet engine: [Apache Tomcat/9.0.27]
2020-10-12 21:16:12.540 [main] INFO  o.a.c.core.ContainerBase.[Tomcat].[localhost].[/] - Initializing Spring embedded WebApplicationContext
2020-10-12 21:16:12.540 [main] INFO  org.springframework.web.context.ContextLoader - Root WebApplicationContext: initialization completed in 1105 ms
2020-10-12 21:16:12.672 [main] INFO  com.zaxxer.hikari.HikariDataSource - HikariPool-1 - Starting...
2020-10-12 21:16:12.821 [main] INFO  com.zaxxer.hikari.HikariDataSource - HikariPool-1 - Start completed.
2020-10-12 21:16:13.149 [main] INFO  s.d.s.w.PropertySourcedRequestMappingHandlerMapping - Mapped URL path [/v2/api-docs] onto method [springfox.documentation.swagger2.web.Swagger2Controller#getDocumentation(String, HttpServletRequest)]
2020-10-12 21:16:13.226 [main] INFO  o.s.scheduling.concurrent.ThreadPoolTaskExecutor - Initializing ExecutorService 'applicationTaskExecutor'
2020-10-12 21:16:13.555 [main] INFO  s.d.s.web.plugins.DocumentationPluginsBootstrapper - Context refreshed
2020-10-12 21:16:13.568 [main] INFO  s.d.s.web.plugins.DocumentationPluginsBootstrapper - Found 1 custom documentation plugin(s)
2020-10-12 21:16:13.597 [main] INFO  s.d.spring.web.scanners.ApiListingReferenceScanner - Scanning for api listing references
2020-10-12 21:16:13.742 [main] INFO  org.apache.coyote.http11.Http11NioProtocol - Starting ProtocolHandler ["http-nio-8001"]
2020-10-12 21:16:13.771 [main] INFO  o.s.boot.web.embedded.tomcat.TomcatWebServer - Tomcat started on port(s): 8001 (http) with context path ''
2020-10-12 21:16:13.774 [main] INFO  com.online_education.service_edu.EduApplication - Started EduApplication in 2.696 seconds (JVM running for 3.138)
2020-10-12 21:16:19.536 [http-nio-8001-exec-1] INFO  o.a.c.core.ContainerBase.[Tomcat].[localhost].[/] - Initializing Spring DispatcherServlet 'dispatcherServlet'
2020-10-12 21:16:19.537 [http-nio-8001-exec-1] INFO  org.springframework.web.servlet.DispatcherServlet - Initializing Servlet 'dispatcherServlet'
2020-10-12 21:16:19.544 [http-nio-8001-exec-1] INFO  org.springframework.web.servlet.DispatcherServlet - Completed initialization in 6 ms
2020-10-12 21:18:42.275 [SpringContextShutdownHook] INFO  o.s.scheduling.concurrent.ThreadPoolTaskExecutor - Shutting down ExecutorService 'applicationTaskExecutor'
2020-10-12 21:18:42.278 [SpringContextShutdownHook] INFO  com.zaxxer.hikari.HikariDataSource - HikariPool-1 - Shutdown initiated...
2020-10-12 21:18:42.281 [SpringContextShutdownHook] INFO  com.zaxxer.hikari.HikariDataSource - HikariPool-1 - Shutdown completed.
2020-10-12 21:18:43.834 [main] INFO  com.online_education.service_edu.EduApplication - Starting EduApplication on dazhideMBP with PID 15668 (/Users/dazhi/Downloads/online_education/service/service_edu/target/classes started by dazhi in /Users/dazhi/Downloads/online_education)
2020-10-12 21:18:43.836 [main] INFO  com.online_education.service_edu.EduApplication - The following profiles are active: dev
2020-10-12 21:18:44.510 [main] INFO  o.s.d.r.config.RepositoryConfigurationDelegate - Multiple Spring Data modules found, entering strict repository configuration mode!
2020-10-12 21:18:44.511 [main] INFO  o.s.d.r.config.RepositoryConfigurationDelegate - Bootstrapping Spring Data repositories in DEFAULT mode.
2020-10-12 21:18:44.528 [main] INFO  o.s.d.r.config.RepositoryConfigurationDelegate - Finished Spring Data repository scanning in 7ms. Found 0 repository interfaces.
2020-10-12 21:18:44.746 [main] INFO  o.s.c.s.PostProcessorRegistrationDelegate$BeanPostProcessorChecker - Bean 'org.springframework.transaction.annotation.ProxyTransactionManagementConfiguration' of type [org.springframework.transaction.annotation.ProxyTransactionManagementConfiguration] is not eligible for getting processed by all BeanPostProcessors (for example: not eligible for auto-proxying)
2020-10-12 21:18:44.910 [main] INFO  o.s.boot.web.embedded.tomcat.TomcatWebServer - Tomcat initialized with port(s): 8001 (http)
2020-10-12 21:18:44.917 [main] INFO  org.apache.coyote.http11.Http11NioProtocol - Initializing ProtocolHandler ["http-nio-8001"]
2020-10-12 21:18:44.917 [main] INFO  org.apache.catalina.core.StandardService - Starting service [Tomcat]
2020-10-12 21:18:44.918 [main] INFO  org.apache.catalina.core.StandardEngine - Starting Servlet engine: [Apache Tomcat/9.0.27]
2020-10-12 21:18:44.979 [main] INFO  o.a.c.core.ContainerBase.[Tomcat].[localhost].[/] - Initializing Spring embedded WebApplicationContext
2020-10-12 21:18:44.979 [main] INFO  org.springframework.web.context.ContextLoader - Root WebApplicationContext: initialization completed in 1102 ms
2020-10-12 21:18:45.113 [main] INFO  com.zaxxer.hikari.HikariDataSource - HikariPool-1 - Starting...
2020-10-12 21:18:45.257 [main] INFO  com.zaxxer.hikari.HikariDataSource - HikariPool-1 - Start completed.
2020-10-12 21:18:45.583 [main] INFO  s.d.s.w.PropertySourcedRequestMappingHandlerMapping - Mapped URL path [/v2/api-docs] onto method [springfox.documentation.swagger2.web.Swagger2Controller#getDocumentation(String, HttpServletRequest)]
2020-10-12 21:18:45.659 [main] INFO  o.s.scheduling.concurrent.ThreadPoolTaskExecutor - Initializing ExecutorService 'applicationTaskExecutor'
2020-10-12 21:18:45.993 [main] INFO  s.d.s.web.plugins.DocumentationPluginsBootstrapper - Context refreshed
2020-10-12 21:18:46.005 [main] INFO  s.d.s.web.plugins.DocumentationPluginsBootstrapper - Found 1 custom documentation plugin(s)
2020-10-12 21:18:46.032 [main] INFO  s.d.spring.web.scanners.ApiListingReferenceScanner - Scanning for api listing references
2020-10-12 21:18:46.170 [main] INFO  org.apache.coyote.http11.Http11NioProtocol - Starting ProtocolHandler ["http-nio-8001"]
2020-10-12 21:18:46.199 [main] INFO  o.s.boot.web.embedded.tomcat.TomcatWebServer - Tomcat started on port(s): 8001 (http) with context path ''
2020-10-12 21:18:46.202 [main] INFO  com.online_education.service_edu.EduApplication - Started EduApplication in 2.765 seconds (JVM running for 3.224)
2020-10-12 21:18:55.240 [http-nio-8001-exec-1] INFO  o.a.c.core.ContainerBase.[Tomcat].[localhost].[/] - Initializing Spring DispatcherServlet 'dispatcherServlet'
2020-10-12 21:18:55.241 [http-nio-8001-exec-1] INFO  org.springframework.web.servlet.DispatcherServlet - Initializing Servlet 'dispatcherServlet'
2020-10-12 21:18:55.248 [http-nio-8001-exec-1] INFO  org.springframework.web.servlet.DispatcherServlet - Completed initialization in 6 ms
2020-10-12 21:19:46.839 [SpringContextShutdownHook] INFO  o.s.scheduling.concurrent.ThreadPoolTaskExecutor - Shutting down ExecutorService 'applicationTaskExecutor'
2020-10-12 21:19:46.840 [SpringContextShutdownHook] INFO  com.zaxxer.hikari.HikariDataSource - HikariPool-1 - Shutdown initiated...
2020-10-12 21:19:46.843 [SpringContextShutdownHook] INFO  com.zaxxer.hikari.HikariDataSource - HikariPool-1 - Shutdown completed.
2020-10-12 21:19:48.345 [main] INFO  com.online_education.service_edu.EduApplication - Starting EduApplication on dazhideMBP with PID 15696 (/Users/dazhi/Downloads/online_education/service/service_edu/target/classes started by dazhi in /Users/dazhi/Downloads/online_education)
2020-10-12 21:19:48.348 [main] INFO  com.online_education.service_edu.EduApplication - The following profiles are active: dev
2020-10-12 21:19:49.038 [main] INFO  o.s.d.r.config.RepositoryConfigurationDelegate - Multiple Spring Data modules found, entering strict repository configuration mode!
2020-10-12 21:19:49.040 [main] INFO  o.s.d.r.config.RepositoryConfigurationDelegate - Bootstrapping Spring Data repositories in DEFAULT mode.
2020-10-12 21:19:49.057 [main] INFO  o.s.d.r.config.RepositoryConfigurationDelegate - Finished Spring Data repository scanning in 7ms. Found 0 repository interfaces.
2020-10-12 21:19:49.282 [main] INFO  o.s.c.s.PostProcessorRegistrationDelegate$BeanPostProcessorChecker - Bean 'org.springframework.transaction.annotation.ProxyTransactionManagementConfiguration' of type [org.springframework.transaction.annotation.ProxyTransactionManagementConfiguration] is not eligible for getting processed by all BeanPostProcessors (for example: not eligible for auto-proxying)
2020-10-12 21:19:49.445 [main] INFO  o.s.boot.web.embedded.tomcat.TomcatWebServer - Tomcat initialized with port(s): 8001 (http)
2020-10-12 21:19:49.452 [main] INFO  org.apache.coyote.http11.Http11NioProtocol - Initializing ProtocolHandler ["http-nio-8001"]
2020-10-12 21:19:49.452 [main] INFO  org.apache.catalina.core.StandardService - Starting service [Tomcat]
2020-10-12 21:19:49.453 [main] INFO  org.apache.catalina.core.StandardEngine - Starting Servlet engine: [Apache Tomcat/9.0.27]
2020-10-12 21:19:49.507 [main] INFO  o.a.c.core.ContainerBase.[Tomcat].[localhost].[/] - Initializing Spring embedded WebApplicationContext
2020-10-12 21:19:49.508 [main] INFO  org.springframework.web.context.ContextLoader - Root WebApplicationContext: initialization completed in 1123 ms
2020-10-12 21:19:49.636 [main] INFO  com.zaxxer.hikari.HikariDataSource - HikariPool-1 - Starting...
2020-10-12 21:19:49.788 [main] INFO  com.zaxxer.hikari.HikariDataSource - HikariPool-1 - Start completed.
2020-10-12 21:19:50.114 [main] INFO  s.d.s.w.PropertySourcedRequestMappingHandlerMapping - Mapped URL path [/v2/api-docs] onto method [springfox.documentation.swagger2.web.Swagger2Controller#getDocumentation(String, HttpServletRequest)]
2020-10-12 21:19:50.190 [main] INFO  o.s.scheduling.concurrent.ThreadPoolTaskExecutor - Initializing ExecutorService 'applicationTaskExecutor'
2020-10-12 21:19:50.522 [main] INFO  s.d.s.web.plugins.DocumentationPluginsBootstrapper - Context refreshed
2020-10-12 21:19:50.534 [main] INFO  s.d.s.web.plugins.DocumentationPluginsBootstrapper - Found 1 custom documentation plugin(s)
2020-10-12 21:19:50.560 [main] INFO  s.d.spring.web.scanners.ApiListingReferenceScanner - Scanning for api listing references
2020-10-12 21:19:50.704 [main] INFO  org.apache.coyote.http11.Http11NioProtocol - Starting ProtocolHandler ["http-nio-8001"]
2020-10-12 21:19:50.732 [main] INFO  o.s.boot.web.embedded.tomcat.TomcatWebServer - Tomcat started on port(s): 8001 (http) with context path ''
2020-10-12 21:19:50.735 [main] INFO  com.online_education.service_edu.EduApplication - Started EduApplication in 2.756 seconds (JVM running for 3.205)
2020-10-12 21:20:06.097 [http-nio-8001-exec-1] INFO  o.a.c.core.ContainerBase.[Tomcat].[localhost].[/] - Initializing Spring DispatcherServlet 'dispatcherServlet'
2020-10-12 21:20:06.099 [http-nio-8001-exec-1] INFO  org.springframework.web.servlet.DispatcherServlet - Initializing Servlet 'dispatcherServlet'
2020-10-12 21:20:06.103 [http-nio-8001-exec-1] INFO  org.springframework.web.servlet.DispatcherServlet - Completed initialization in 4 ms
